<?xml version="1.0" encoding="UTF-8"?>
<!-- Generated by org.testng.reporters.JUnitReportReporter -->
<testsuite hostname="DESKTOP-GURU" failures="0" tests="1" name="com.w2a.testcases.BankManagerLoginTest" time="3.132" errors="0" timestamp="11 Oct 2024 17:58:54 GMT" skipped="0">
  <testcase classname="com.w2a.testcases.BankManagerLoginTest" name="loginBankManager" time="3.132"/>
</testsuite> <!-- com.w2a.testcases.BankManagerLoginTest -->
