<?xml version="1.0" encoding="UTF-8"?>
<!-- Generated by org.testng.reporters.JUnitReportReporter -->
<testsuite hostname="DESKTOP-GURU" failures="0" tests="1" name="com.w2a.testcases.LoginTest" time="3.386" errors="0" timestamp="2024-10-11T18:46:14 IST" skipped="0">
  <testcase classname="com.w2a.testcases.LoginTest" name="loginBankManager" time="3.386"/>
  <system-out/>
</testsuite> <!-- com.w2a.testcases.LoginTest -->
