<?xml version="1.0" encoding="UTF-8"?>
<!-- Generated by org.testng.reporters.JUnitReportReporter -->
<testsuite hostname="DESKTOP-GURU" failures="0" tests="1" name="com.w2a.testcases.BankManagerLoginTest" time="0.000" errors="0" timestamp="15 Oct 2024 17:28:37 GMT" skipped="1">
  <testcase classname="com.w2a.testcases.BankManagerLoginTest" name="loginBankManager" time="0.000">
    <skipped/>
  </testcase> <!-- loginBankManager -->
</testsuite> <!-- com.w2a.testcases.BankManagerLoginTest -->
